<?xml version="1.0" encoding="UTF-8"?>
<!-- Generated by org.testng.reporters.JUnitXMLReporter -->
<testsuite ignored="0" hostname="DESKTOP-VGK0J5J" failures="1" tests="1" name="Test" time="7.088" errors="0" timestamp="09 Aug 2025 04:33:43 GMT">
  <testcase classname="io.cucumber.testng.AbstractTestNGCucumberTests" name="@BeforeClass setUpClass" time="0.132">
    <failure type="java.lang.IllegalArgumentException" message="path must exist: C:\Users\Achala\eclipse-workspace\cucumberproject\cucumberproject\src\test\java\com\casestudy\cucumber\features">
      <![CDATA[java.lang.IllegalArgumentException: path must exist: C:\Users\Achala\eclipse-workspace\cucumberproject\cucumberproject\src\test\java\com\casestudy\cucumber\features
	at io.cucumber.core.resource.PathScanner.findResourcesForPath(PathScanner.java:49)
	at io.cucumber.core.resource.PathScanner.findResourcesForUri(PathScanner.java:31)
	at io.cucumber.core.resource.ResourceScanner.findResourcesForUri(ResourceScanner.java:61)
	at io.cucumber.core.resource.ResourceScanner.scanForResourcesUri(ResourceScanner.java:134)
	at io.cucumber.core.runtime.FeaturePathFeatureSupplier.loadFeatures(FeaturePathFeatureSupplier.java:62)
	at io.cucumber.core.runtime.FeaturePathFeatureSupplier.get(FeaturePathFeatureSupplier.java:45)
	at io.cucumber.testng.TestNGCucumberRunner.<init>(TestNGCucumberRunner.java:122)
	at io.cucumber.testng.AbstractTestNGCucumberTests.setUpClass(AbstractTestNGCucumberTests.java:27)
... Removed 25 stack frames]]>
    </failure>
  </testcase> <!-- @BeforeClass setUpClass -->
  <testcase classname="com.casestudy.cucumber.parameterization.ParameterizationLoginUsingExcel" name="testLoginPage" time="0.002">
    <failure type="java.io.FileNotFoundException" message="cucumberproject\src\test\java\com\casestudy\cucumber\invalidSignIn.xlsx (The system cannot find the path specified)">
      <![CDATA[java.io.FileNotFoundException: cucumberproject\src\test\java\com\casestudy\cucumber\invalidSignIn.xlsx (The system cannot find the path specified)
	at java.base/java.io.FileInputStream.open0(Native Method)
	at java.base/java.io.FileInputStream.open(FileInputStream.java:216)
	at java.base/java.io.FileInputStream.<init>(FileInputStream.java:157)
	at java.base/java.io.FileInputStream.<init>(FileInputStream.java:111)
	at com.casestudy.cucumber.parameterization.ParameterizationLoginUsingExcel.readExcelData(ParameterizationLoginUsingExcel.java:42)
	at com.casestudy.cucumber.parameterization.ParameterizationLoginUsingExcel.testLoginPage(ParameterizationLoginUsingExcel.java:86)
... Removed 25 stack frames]]>
    </failure>
  </testcase> <!-- testLoginPage -->
</testsuite> <!-- Test -->
